<?xml version="1.0" encoding="UTF-8"?>
<!-- Generated by org.testng.reporters.JUnitXMLReporter -->
<testsuite ignored="0" hostname="LAPTOP-1B58FF6K" failures="0" tests="2" name="Default test" time="9.668" errors="0" timestamp="2025-05-13T13:58:00 IST">
  <testcase classname="AddProductTocart.AddProductToCartNewTest" name="sampleTest" time="0.021"/>
  <testcase classname="AddProductTocart.AddProductToCartNewTest" name="tc_01_AddProductTocartTest" time="1.669"/>
</testsuite> <!-- Default test -->
