<?xml version="1.0" encoding="UTF-8"?>
<!-- Generated by org.testng.reporters.JUnitXMLReporter -->
<testsuite ignored="2" hostname="LAPTOP-1B58FF6K" failures="0" tests="3" name="Test" time="10.84" errors="0" timestamp="2025-05-22T17:44:41 IST">
  <testcase classname="AddProductTocart.AddProductToCartNewTest" name="sampleTest" time="0.021"/>
  <testcase classname="AddProductTocart.AddProductToCartNewTest" name="tc_01_AddProductTocartTest" time="0.752"/>
  <testcase classname="AddProductTocart.AddLowestPriceProductTocartTest" name="tc_02_AddLowestPriceProductToCartTest" time="0.578"/>
  <testcase classname="genericUtility.BaseClass" name="@BeforeSuite bsConfig" time="0.0">
    <ignored/>
  </testcase> <!-- @BeforeSuite bsConfig -->
  <testcase classname="genericUtility.BaseClass" name="@AfterSuite asConfig" time="0.0">
    <ignored/>
  </testcase> <!-- @AfterSuite asConfig -->
</testsuite> <!-- Test -->
