<?xml version="1.0" encoding="UTF-8"?>
<testng-results ignored="0" total="1" passed="1" failed="0" skipped="0">
  <reporter-output>
  </reporter-output>
  <suite started-at="2025-05-22T17:11:04 IST" name="Default suite" finished-at="2025-05-22T17:11:05 IST" duration-ms="1028">
    <groups>
    </groups>
    <test started-at="2025-05-22T17:11:04 IST" name="Default test" finished-at="2025-05-22T17:11:05 IST" duration-ms="1028">
      <class name="Practice.SamplJDBC">
        <test-method signature="executeQueryJDBC()[pri:0, instance:Practice.SamplJDBC@3857f613]" started-at="2025-05-22T17:11:04 IST" name="executeQueryJDBC" finished-at="2025-05-22T17:11:05 IST" duration-ms="940" status="PASS">
          <reporter-output>
          </reporter-output>
        </test-method> <!-- executeQueryJDBC -->
      </class> <!-- Practice.SamplJDBC -->
    </test> <!-- Default test -->
  </suite> <!-- Default suite -->
</testng-results>
